<?xml version="1.0" encoding="UTF-8"?>
<testng-results ignored="0" total="3" passed="1" failed="2" skipped="0">
  <reporter-output>
  </reporter-output>
  <suite started-at="2025-04-01T19:21:00 IST" name="Default suite" finished-at="2025-04-01T19:21:17 IST" duration-ms="16740">
    <groups>
      <group name="cucumber">
        <method signature="AbstractTestNGCucumberTests.runScenario(io.cucumber.testng.PickleWrapper,io.cucumber.testng.FeatureWrapper)[pri:0, instance:runner.LoginRunner@762ef0ea]" name="runScenario" class="io.cucumber.testng.AbstractTestNGCucumberTests"/>
      </group> <!-- cucumber -->
    </groups>
    <test started-at="2025-04-01T19:21:00 IST" name="Default test" finished-at="2025-04-01T19:21:17 IST" duration-ms="16740">
      <class name="runner.LoginRunner">
        <test-method is-config="true" signature="setUpClass(org.testng.ITestContext)[pri:0, instance:runner.LoginRunner@762ef0ea]" started-at="2025-04-01T19:21:00 IST" name="setUpClass" finished-at="2025-04-01T19:21:01 IST" duration-ms="948" status="PASS">
          <params>
            <param index="0">
              <value>
                <![CDATA[org.testng.TestRunner@6e31d989]]>
              </value>
            </param>
          </params>
          <reporter-output>
          </reporter-output>
        </test-method> <!-- setUpClass -->
        <test-method signature="runScenario(io.cucumber.testng.PickleWrapper,io.cucumber.testng.FeatureWrapper)[pri:0, instance:runner.LoginRunner@762ef0ea]" started-at="2025-04-01T19:21:01 IST" name="runScenario" description="Runs Cucumber Scenarios" data-provider="scenarios" finished-at="2025-04-01T19:21:06 IST" duration-ms="4988" status="PASS">
          <params>
            <param index="0">
              <value>
                <![CDATA["Login successful"]]>
              </value>
            </param>
            <param index="1">
              <value>
                <![CDATA["Login feature"]]>
              </value>
            </param>
          </params>
          <reporter-output>
          </reporter-output>
        </test-method> <!-- runScenario -->
        <test-method signature="runScenario(io.cucumber.testng.PickleWrapper,io.cucumber.testng.FeatureWrapper)[pri:0, instance:runner.LoginRunner@762ef0ea]" started-at="2025-04-01T19:21:06 IST" name="runScenario" description="Runs Cucumber Scenarios" data-provider="scenarios" finished-at="2025-04-01T19:21:10 IST" duration-ms="4136" status="FAIL">
          <params>
            <param index="0">
              <value>
                <![CDATA["Login failure"]]>
              </value>
            </param>
            <param index="1">
              <value>
                <![CDATA["Login feature"]]>
              </value>
            </param>
          </params>
          <exception class="java.lang.AssertionError">
            <message>
              <![CDATA[login page issue]]>
            </message>
            <full-stacktrace>
              <![CDATA[java.lang.AssertionError: login page issue
at org.testng.Assert.fail(Assert.java:111)
at stepDefinition.LoginStepDefinition.clickSubmitButton(LoginStepDefinition.java:46)
at ✽.click submit button(file:///C:/Users/ocean/git/cucumber-learning/src/test/resources/Features/loginPage.feature:14)
]]>
            </full-stacktrace>
          </exception> <!-- java.lang.AssertionError -->
          <reporter-output>
          </reporter-output>
        </test-method> <!-- runScenario -->
        <test-method signature="runScenario(io.cucumber.testng.PickleWrapper,io.cucumber.testng.FeatureWrapper)[pri:0, instance:runner.LoginRunner@762ef0ea]" started-at="2025-04-01T19:21:10 IST" name="runScenario" description="Runs Cucumber Scenarios" data-provider="scenarios" finished-at="2025-04-01T19:21:17 IST" duration-ms="6210" status="FAIL">
          <params>
            <param index="0">
              <value>
                <![CDATA["Login with different data"]]>
              </value>
            </param>
            <param index="1">
              <value>
                <![CDATA["Login feature"]]>
              </value>
            </param>
          </params>
          <exception class="java.lang.AssertionError">
            <message>
              <![CDATA[login page issue]]>
            </message>
            <full-stacktrace>
              <![CDATA[java.lang.AssertionError: login page issue
at org.testng.Assert.fail(Assert.java:111)
at stepDefinition.LoginStepDefinition.clickSubmitButton(LoginStepDefinition.java:46)
at ✽.click submit button(file:///C:/Users/ocean/git/cucumber-learning/src/test/resources/Features/loginPage.feature:20)
]]>
            </full-stacktrace>
          </exception> <!-- java.lang.AssertionError -->
          <reporter-output>
          </reporter-output>
        </test-method> <!-- runScenario -->
        <test-method is-config="true" signature="tearDownClass()[pri:0, instance:runner.LoginRunner@762ef0ea]" started-at="2025-04-01T19:21:17 IST" name="tearDownClass" finished-at="2025-04-01T19:21:17 IST" duration-ms="403" status="PASS">
          <reporter-output>
          </reporter-output>
        </test-method> <!-- tearDownClass -->
      </class> <!-- runner.LoginRunner -->
    </test> <!-- Default test -->
  </suite> <!-- Default suite -->
</testng-results>
